C51 COMPILER V9.54   DS1302                                                                03/26/2026 21:19:03 PAGE 1   


C51 COMPILER V9.54, COMPILATION OF MODULE DS1302
OBJECT MODULE PLACED IN .\Objects\ds1302.obj
COMPILER INVOKED BY: D:\01_Portable_Apps\Dev_Kit\keil\C51\BIN\C51.EXE driver\ds1302.c OPTIMIZE(8,SPEED) BROWSE INCDIR(.\
                    -driver) DEBUG OBJECTEXTEND PRINT(.\Listings\ds1302.lst) TABS(2) OBJECT(.\Objects\ds1302.obj)

line level    source

   1          /*  #   DS1302д»Јз ҒзүҮж®өиҜҙжҳҺ
   2            1.  жң¬ж–Үд»¶еӨ№дёӯжҸҗдҫӣзҡ„й©ұеҠЁд»Јз ҒдҫӣеҸӮиөӣйҖүжүӢе®ҢжҲҗзЁӢеәҸи®ҫи®ЎеҸӮиҖғгҖӮ
   3            2.  еҸӮиөӣйҖүжүӢеҸҜд»ҘиҮӘиЎҢзј–еҶҷзӣёе…ід»Јз ҒжҲ–д»ҘиҜҘд»Јз ҒдёәеҹәзЎҖпјҢж №жҚ®жүҖйҖүеҚ•зүҮжңәзұ»еһӢгҖҒиҝ
             -җиЎҢйҖҹеәҰе’ҢиҜ•йўҳ
   4              дёӯеҜ№еҚ•зүҮжңәж—¶й’ҹйў‘зҺҮзҡ„иҰҒжұӮпјҢиҝӣиЎҢд»Јз Ғи°ғиҜ•е’Ңдҝ®ж”№гҖӮ
   5          */                
   6          
   7          #include "ds1302.h"
   8          #include <REGX52.H>
   9          #include <intrins.h>
  10          
  11          
  12          //
  13          void Write_Ds1302(unsigned  char temp) 
  14          {
  15   1        unsigned char i;
  16   1        for (i=0;i<8;i++)       
  17   1        { 
  18   2          SCK = 0;
  19   2          SDA = temp&0x01;
  20   2          temp>>=1; 
  21   2          SCK=1;
  22   2        }
  23   1      }   
  24          
  25          //
  26          void Write_Ds1302_Byte( unsigned char address,unsigned char dat )     
  27          {
  28   1        RST=0;  _nop_();
  29   1        SCK=0;  _nop_();
  30   1        RST=1;  _nop_();  
  31   1        Write_Ds1302(address);  
  32   1        Write_Ds1302(dat);    
  33   1        RST=0; 
  34   1      }
  35          
  36          //
  37          unsigned char Read_Ds1302_Byte ( unsigned char address )
  38          {
  39   1        unsigned char i,temp=0x00;
  40   1        RST=0;  _nop_();
  41   1        SCK=0;  _nop_();
  42   1        RST=1;  _nop_();
  43   1        Write_Ds1302(address);
  44   1        for (i=0;i<8;i++)   
  45   1        {   
  46   2          SCK=0;
  47   2          temp>>=1; 
  48   2          if(SDA)
  49   2          temp|=0x80; 
  50   2          SCK=1;
  51   2        } 
  52   1        RST=0;  _nop_();
  53   1        SCK=0;  _nop_();
C51 COMPILER V9.54   DS1302                                                                03/26/2026 21:19:03 PAGE 2   

  54   1        SCK=1;  _nop_();
  55   1        SDA=0;  _nop_();
  56   1        SDA=1;  _nop_();
  57   1        return (temp);      
  58   1      }
  59          
  60          void Set_Time(unsigned char* ucTime)
  61          {
  62   1        Write_Ds1302_Byte(0x8e, 0x00);
  63   1        Write_Ds1302_Byte(0x84, ucTime[0]);
  64   1        Write_Ds1302_Byte(0x82, ucTime[1]);
  65   1        Write_Ds1302_Byte(0x80, ucTime[2]);
  66   1        Write_Ds1302_Byte(0x8e, 0x80);
  67   1      }
  68          
  69          void Read_Time(unsigned char* ucTime)
  70          {
  71   1        ucTime[0] = Read_Ds1302_Byte(0x85);
  72   1        ucTime[1] = Read_Ds1302_Byte(0x83);
  73   1        ucTime[2] = Read_Ds1302_Byte(0x81);
  74   1      }


MODULE INFORMATION:   STATIC OVERLAYABLE
   CODE SIZE        =    171    ----
   CONSTANT SIZE    =   ----    ----
   XDATA SIZE       =   ----    ----
   PDATA SIZE       =   ----    ----
   DATA SIZE        =   ----    ----
   IDATA SIZE       =   ----    ----
   BIT SIZE         =   ----    ----
END OF MODULE INFORMATION.


C51 COMPILATION COMPLETE.  0 WARNING(S),  0 ERROR(S)
