C51 COMPILER V9.54   KEY                                                                   03/26/2026 18:11:25 PAGE 1   


C51 COMPILER V9.54, COMPILATION OF MODULE KEY
OBJECT MODULE PLACED IN .\Objects\key.obj
COMPILER INVOKED BY: D:\01_Portable_Apps\Dev_Kit\keil\C51\BIN\C51.EXE driver\key.c OPTIMIZE(8,SPEED) BROWSE INCDIR(.\dri
                    -ver) DEBUG OBJECTEXTEND PRINT(.\Listings\key.lst) TABS(2) OBJECT(.\Objects\key.obj)

line level    source

   1          #include <REGX52.H>
   2          #include <key.h>
   3          
   4          sbit S7 = P3^0;
   5          sbit S6 = P3^1;
   6          sbit S5 = P3^2;
   7          sbit S4 = P3^3;
   8          
   9          unsigned char Key_Read()
  10          {
  11   1        unsigned char temp = 0;
  12   1        if(S7 == 0)
  13   1          temp = 1;
  14   1        if(S6 == 0)
  15   1          temp = 2;
  16   1        if(S5 == 0)
  17   1          temp = 3;
  18   1        if(S4 == 0)
  19   1          temp = 4;
  20   1        return temp;
  21   1        
  22   1      }


MODULE INFORMATION:   STATIC OVERLAYABLE
   CODE SIZE        =     22    ----
   CONSTANT SIZE    =   ----    ----
   XDATA SIZE       =   ----    ----
   PDATA SIZE       =   ----    ----
   DATA SIZE        =   ----    ----
   IDATA SIZE       =   ----    ----
   BIT SIZE         =   ----    ----
END OF MODULE INFORMATION.


C51 COMPILATION COMPLETE.  0 WARNING(S),  0 ERROR(S)
