C51 COMPILER V9.54   MAIN                                                                  03/26/2026 21:23:52 PAGE 1   


C51 COMPILER V9.54, COMPILATION OF MODULE MAIN
OBJECT MODULE PLACED IN .\Objects\main.obj
COMPILER INVOKED BY: D:\01_Portable_Apps\Dev_Kit\keil\C51\BIN\C51.EXE main.c OPTIMIZE(8,SPEED) BROWSE INCDIR(.\driver) D
                    -EBUG OBJECTEXTEND PRINT(.\Listings\main.lst) TABS(2) OBJECT(.\Objects\main.obj)

line level    source

   1          //头文件声明
   2          #include <REGX52.H>
   3          #include <key.h>
   4          #include <seg.h>
   5          #include <ds1302.h>
   6          #include <onewire.h>
   7          
   8          //变量声明区
   9          unsigned char key_slow; //按键减速变量 10ms
  10          unsigned int seg_slow; //显示减速变量 500ms
  11          unsigned char key_val, key_old, key_down, key_up;
  12          unsigned char seg_pos = 0;//数码管扫描变量
  13          unsigned char seg_buf[8] = {16, 16, 16, 16, 16, 16, 16, 16};//数码管测试
  14          unsigned char seg_mode = 0; //显示模式 0显示 1设置
  15          unsigned int time_1000ms;//1000ms计时
  16          unsigned char time_count = 30; //系统计时变量
  17          bit system_flag; //系统标志位，0暂停1开始
  18          unsigned char set_dat[] = {15,30,60}; //三种档位
  19          unsigned char set_index = 1;
  20          unsigned char uctime[3] = {0x23, 0x59, 0x55}; //ds1302，默认时间23:59:55
  21          float tem; //温度
  22          
  23          //按键处理函数
  24          void Key_Proc()
  25          {
  26   1        if(key_slow) return;
  27   1        key_slow = 1; //按键减速
  28   1        
  29   1        key_val = Key_Read();
  30   1        key_down = key_val & (key_val ^ key_old);
  31   1        key_up = ~key_val & (key_val ^ key_old);
  32   1        key_old = key_val;
  33   1        
  34   1        switch(key_down)
  35   1        {
  36   2          case 1: //启动倒计时
  37   2            if(seg_mode == 0)
  38   2            {
  39   3              system_flag = 1;
  40   3            }
  41   2            break;
  42   2          case 2://复位
  43   2            if(seg_mode == 0)
  44   2              time_count = set_dat[set_index];
  45   2          break;
  46   2          case 3://切换模式
  47   2            if(seg_mode == 1)
  48   2              time_count = set_dat[set_index];
  49   2            seg_mode = !seg_mode;
  50   2            break;
  51   2          case 4:
  52   2            if(seg_mode == 1)
  53   2            {
  54   3              set_index = set_index + 1;
C51 COMPILER V9.54   MAIN                                                                  03/26/2026 21:23:52 PAGE 2   

  55   3              if(set_index == 3)
  56   3                set_index = 0;
  57   3            }
  58   2          break;
  59   2        }
  60   1      }
  61          
  62          
  63          //信息处理函数
  64          void Seg_Proc()
  65          {
  66   1        if(seg_slow) return;
  67   1        seg_slow = 1; //按键减速
  68   1        
  69   1        //信息读取
  70   1        Read_Time(uctime);
  71   1        
  72   1        //数据处理
  73   1        seg_buf[0] = uctime[0] / 16;
  74   1        seg_buf[1] = uctime[0] % 16;
  75   1        seg_buf[2] = 17;
  76   1        seg_buf[3] = uctime[1] / 16;
  77   1        seg_buf[4] = uctime[1] % 16;
  78   1        seg_buf[5] = 17;
  79   1        seg_buf[6] = uctime[2] / 16;
  80   1        seg_buf[7] = uctime[2] % 16;
  81   1        
  82   1        tem = Read_Tem();
  83   1        
  84   1        seg_buf[0] = (unsigned char)tem / 10 % 10;
  85   1        seg_buf[1] = (unsigned char)tem % 10;
  86   1        seg_buf[2] = (unsigned int)(tem*10) % 10;
  87   1      }
  88          
  89          //其他信息显示
  90          void Led_Proc()
  91          {
  92   1      
  93   1      }
  94          
  95          //定时器0初始化
  96          void Timer0_Init(void)    //1毫秒@12.000MHz
  97          {
  98   1        TMOD &= 0xF0;     //设置定时器模式
  99   1        TMOD |= 0x01;
 100   1        TH0 = 0xFC; 
 101   1        TL0 = 0x18;
 102   1        TF0 = 0;        //清除TF0标志
 103   1        TR0 = 1;        //定时器0开始计时
 104   1        
 105   1        ET0 = 1;
 106   1        EA = 1;
 107   1      }
 108          
 109          
 110          //定时器0中断服务函数
 111          void Timer0_Service() interrupt 1
 112          {
 113   1        TH0 = 0xFC; 
 114   1        TL0 = 0x18;
 115   1          
 116   1        if(++key_slow == 10) key_slow = 0;
C51 COMPILER V9.54   MAIN                                                                  03/26/2026 21:23:52 PAGE 3   

 117   1        if(++seg_slow == 500) seg_slow = 0;
 118   1        if(++seg_pos == 8) seg_pos = 0;
 119   1        Seg_Bit(seg_pos,seg_buf[seg_pos]);
 120   1        if(system_flag == 1)
 121   1          {
 122   2            if(++time_1000ms == 1000)
 123   2            {
 124   3              time_1000ms =0;
 125   3              time_count--;
 126   3            }
 127   2          }
 128   1      }
 129          
 130          
 131          
 132          
 133          //主函数
 134          void main()
 135          {
 136   1        Timer0_Init();
 137   1        Set_Time(uctime);
 138   1        while(1)
 139   1        {
 140   2          Key_Proc();
 141   2          Seg_Proc();
 142   2          Led_Proc();
 143   2          
 144   2        }
 145   1      }


MODULE INFORMATION:   STATIC OVERLAYABLE
   CODE SIZE        =    429    ----
   CONSTANT SIZE    =   ----    ----
   XDATA SIZE       =   ----    ----
   PDATA SIZE       =   ----    ----
   DATA SIZE        =     31    ----
   IDATA SIZE       =   ----    ----
   BIT SIZE         =      1    ----
END OF MODULE INFORMATION.


C51 COMPILATION COMPLETE.  0 WARNING(S),  0 ERROR(S)
