C51 COMPILER V9.54   MAIN                                                                  03/26/2026 18:05:24 PAGE 1   


C51 COMPILER V9.54, COMPILATION OF MODULE MAIN
OBJECT MODULE PLACED IN .\Objects\main.obj
COMPILER INVOKED BY: D:\01_Portable_Apps\Dev_Kit\keil\C51\BIN\C51.EXE main.c OPTIMIZE(8,SPEED) BROWSE INCDIR(..\driver) 
                    -DEBUG OBJECTEXTEND PRINT(.\Listings\main.lst) TABS(2) OBJECT(.\Objects\main.obj)

line level    source

   1          #include <seg.h>
   2          #include <key.h>
   3          #include <ds1302.h>
*** WARNING C245 IN LINE 1 OF ..\driver\ds1302.h: unknown #pragma, line ignored
   4          #include <REGX52.H>
   5          
   6          
   7          //变量定义
   8          unsigned char key_val, key_old, key_down; //按键判断消抖
   9          unsigned char seg_wait, key_wait, led_wait; //数码管和按键稍微延迟，按键10ms，seg500ms
  10          unsigned char seg_pos = 0; //数码管扫描
  11          unsigned char seg_buf[6] = {1,1,1,1,1,1};//数码管内容
  12          
  13          //按键进程
  14          void Key_Proc()
  15          {
  16   1        if(key_wait) return;
  17   1        key_wait = 1;
  18   1        
  19   1        key_val = Key_Read();
  20   1        key_down = key_val & (key_old ^ key_val);
  21   1        key_old = key_val;
  22   1        
  23   1        switch(key_down)
  24   1        {
  25   2        
  26   2        }
  27   1      }
  28          
  29          //数码管显示进程
  30          void Seg_Proc()
  31          {
  32   1        if(seg_wait) return;
  33   1        seg_wait = 1;
  34   1      }
  35          
  36          //其他显示
  37          void Led_Proc()
  38          {
  39   1        if(led_wait) return;
  40   1        led_wait = 1;
  41   1      }
  42          
  43          //定时器初始化
  44          void Timer0_Init(void)    //1毫秒@12.000MHz
  45          {
  46   1        TMOD = 0x11;      //设置模式
  47   1        TL0 = 0x18;       //设置定时初始值
  48   1        TH0 = 0xFC;       //设置定时初始值
  49   1        TF0 = 0;        //清除TF0标志
  50   1        TR0 = 1;        //定时器0开始计时
  51   1        ET0 = 1;
  52   1        EA = 1;
  53   1      }
C51 COMPILER V9.54   MAIN                                                                  03/26/2026 18:05:24 PAGE 2   

  54          
  55          void Timer0_Service() interrupt 1
  56          {
  57   1        TL0 = 0x18;       //设置定时初始值
  58   1        TH0 = 0xFC;       //设置定时初始值
  59   1        
  60   1        if(++key_wait == 10) key_wait = 0;
  61   1        if(++seg_wait == 500) seg_wait = 0;
  62   1        if(++led_wait == 500) led_wait = 0;
  63   1        
  64   1        if(++seg_pos == 6) seg_pos = 0;
  65   1        Seg_Bit(seg_pos,seg_buf[seg_pos]);
  66   1          
  67   1      }
  68          
  69          
  70          
  71          //主函数
  72          void main()
  73          {
  74   1        out(4, 0xff); // 通道4：LED全灭
  75   1        out(5, 0x00); // 通道5：蜂鸣器、继电器全关
  76   1        Timer0_Init();
  77   1        while(1)
  78   1        {
  79   2          Key_Proc();
  80   2          Led_Proc();
  81   2          Seg_Proc();
  82   2        }
  83   1      }


MODULE INFORMATION:   STATIC OVERLAYABLE
   CODE SIZE        =    210    ----
   CONSTANT SIZE    =   ----    ----
   XDATA SIZE       =   ----    ----
   PDATA SIZE       =   ----    ----
   DATA SIZE        =     13    ----
   IDATA SIZE       =   ----    ----
   BIT SIZE         =   ----    ----
END OF MODULE INFORMATION.


C51 COMPILATION COMPLETE.  1 WARNING(S),  0 ERROR(S)
