C51 COMPILER V9.54   SEG                                                                   03/25/2026 20:21:37 PAGE 1   


C51 COMPILER V9.54, COMPILATION OF MODULE SEG
OBJECT MODULE PLACED IN .\Objects\seg.obj
COMPILER INVOKED BY: D:\01_Portable_Apps\Dev_Kit\keil\C51\BIN\C51.EXE ..\driver\seg.c OPTIMIZE(8,SPEED) BROWSE INCDIR(..
                    -\driver) DEBUG OBJECTEXTEND PRINT(.\Listings\seg.lst) TABS(2) OBJECT(.\Objects\seg.obj)

line level    source

   1          #include <REGX52.H>
   2          #include <seg.h>
   3          
   4          unsigned char smg_duan[] = {0xC0, 0xF9, 0xA4, 0xB0, 0x99, 0x92, 0x82, 0xF8, 0x80, 0x90, 0x88, 0x83, 0xC6, 
             -0xA1, 0x86, 0x8E, 0xBF, 0x7F};
   5          unsigned char smg_wei[] = {0x01, 0x02, 0x04, 0x08, 0x10, 0x20, 0x40, 0x80};
   6            
   7          void hc138(unsigned char n)
   8          {
   9   1        P2 = (P2 & 0x1f) | (n << 5);
  10   1      }
  11          
  12          void out(unsigned char channel, unsigned char dat)
  13          {
  14   1        P0 = dat;
  15   1        hc138(channel);
  16   1        hc138(0);
  17   1      }
  18          
  19          void Seg_Bit(unsigned char wei, unsigned char duan)
  20          {
  21   1        out(7, 0xff);
  22   1        out(6,smg_wei[wei]);
  23   1        out(7,smg_duan[duan]);
  24   1      }


MODULE INFORMATION:   STATIC OVERLAYABLE
   CODE SIZE        =     57    ----
   CONSTANT SIZE    =   ----    ----
   XDATA SIZE       =   ----    ----
   PDATA SIZE       =   ----    ----
   DATA SIZE        =     26    ----
   IDATA SIZE       =   ----    ----
   BIT SIZE         =   ----    ----
END OF MODULE INFORMATION.


C51 COMPILATION COMPLETE.  0 WARNING(S),  0 ERROR(S)
