C51 COMPILER V9.54   SMG                                                                   04/01/2026 19:54:49 PAGE 1   


C51 COMPILER V9.54, COMPILATION OF MODULE SMG
OBJECT MODULE PLACED IN .\Objects\smg.obj
COMPILER INVOKED BY: D:\01_Portable_Apps\Dev_Kit\keil\C51\BIN\C51.EXE ..\Drive\smg.c OPTIMIZE(8,SPEED) BROWSE INCDIR(..\
                    -Drive) DEBUG OBJECTEXTEND PRINT(.\Listings\smg.lst) TABS(2) OBJECT(.\Objects\smg.obj)

line level    source

   1          #include <REGX52.H>
   2          #include <smg.h>
   3          
   4          unsigned char code _Wei[] = {0x01,0x02,0x04,0x08,0x10,0x20,0x40,0x80};      //????
   5          unsigned char code _Duan[] = {
   6              // 0~9 ???
   7              0xC0, 0xF9, 0xA4, 0xB0, 0x99, 0x92, 0x82, 0xF8, 0x80, 0x90, 
   8              // A~F ???
   9              0x88, 0x83, 0xC6, 0xA1, 0x86, 0x8E, 
  10              // ?? 16??? (Black)
  11              0xFF, 
  12              // ?? 17??? (-)
  13              0xBF  
  14          };
  15          
  16          void hc138(unsigned char n)
  17          {
  18   1        P2 = (P2 & 0x1f) | (n << 5);
  19   1      }
  20          void out(unsigned char channel, unsigned char dat)
  21          {
  22   1        P0 = dat;
  23   1        hc138(channel);
  24   1        hc138(0);
  25   1      }
  26          
  27          void SMG_Display(unsigned char wei, unsigned char duan, unsigned char point)
  28          {
  29   1        unsigned char seg_code;
  30   1        out(7,0xff);
  31   1        out(6,_Wei[wei]);
  32   1        seg_code = _Duan[duan];
  33   1        
  34   1        if(point == 1)
  35   1          seg_code &= 0x7F;
  36   1        out(7,seg_code);
  37   1      }


MODULE INFORMATION:   STATIC OVERLAYABLE
   CODE SIZE        =     63    ----
   CONSTANT SIZE    =     26    ----
   XDATA SIZE       =   ----    ----
   PDATA SIZE       =   ----    ----
   DATA SIZE        =   ----    ----
   IDATA SIZE       =   ----    ----
   BIT SIZE         =   ----    ----
END OF MODULE INFORMATION.


C51 COMPILATION COMPLETE.  0 WARNING(S),  0 ERROR(S)
