C51 COMPILER V9.54   KEY                                                                   03/30/2026 19:03:28 PAGE 1   


C51 COMPILER V9.54, COMPILATION OF MODULE KEY
OBJECT MODULE PLACED IN .\Objects\key.obj
COMPILER INVOKED BY: D:\01_Portable_Apps\Dev_Kit\keil\C51\BIN\C51.EXE ..\Drive\key.c OPTIMIZE(8,SPEED) BROWSE INCDIR(..\
                    -Drive) DEBUG OBJECTEXTEND PRINT(.\Listings\key.lst) TABS(2) OBJECT(.\Objects\key.obj)

line level    source

   1          #include <REGX52.H>
   2          #include <key.h>
   3          
   4          sbit S7 = P3^0;
   5          sbit S6 = P3^1;
   6          sbit S5 = P3^2;
   7          sbit S4 = P3^3;
   8          
   9          unsigned char Key_Read()
  10          {
  11   1        unsigned char temp;
  12   1        if(S7 == 0) temp = 1;
  13   1        if(S6 == 0) temp = 2;
  14   1        if(S5 == 0) temp = 3;
  15   1        if(S4 == 0) temp = 4;
  16   1        
  17   1        return temp;
  18   1      }


MODULE INFORMATION:   STATIC OVERLAYABLE
   CODE SIZE        =     21    ----
   CONSTANT SIZE    =   ----    ----
   XDATA SIZE       =   ----    ----
   PDATA SIZE       =   ----    ----
   DATA SIZE        =   ----    ----
   IDATA SIZE       =   ----    ----
   BIT SIZE         =   ----    ----
END OF MODULE INFORMATION.


C51 COMPILATION COMPLETE.  0 WARNING(S),  0 ERROR(S)
