C51 COMPILER V9.59.0.0   DS1302                                                            09/15/2025 19:05:34 PAGE 1   


C51 COMPILER V9.59.0.0, COMPILATION OF MODULE DS1302
OBJECT MODULE PLACED IN .\Objects\ds1302.obj
COMPILER INVOKED BY: D:\Keil5\C51\BIN\C51.EXE ..\Driver\ds1302.c OPTIMIZE(8,SPEED) BROWSE INCDIR(..\User;..\Driver) DEBU
                    -G OBJECTEXTEND PRINT(.\Listings\ds1302.lst) OBJECT(.\Objects\ds1302.obj)

line level    source

   1          #include "ds1302.h"
   2          
   3          void Write_Ds1302 (unsigned char temp)
   4          {
   5   1              unsigned char i;
   6   1              for (i=0;i<8;i++)       
   7   1              { 
   8   2                      SCK = 0;
   9   2                      SDA = temp&0x01;
  10   2                      temp>>=1; 
  11   2                      SCK=1;
  12   2              }
  13   1      }   
  14          
  15          void Write_Ds1302_Byte (unsigned char address, unsigned char dat)
  16          {
  17   1              RST=0;  _nop_();
  18   1              SCK=0;  _nop_();
  19   1              RST=1;  _nop_();  
  20   1              Write_Ds1302(address);  
  21   1              Write_Ds1302(dat);              
  22   1              RST=0; 
  23   1      }
  24          
  25          unsigned char Read_Ds1302_Byte (unsigned char address)
  26          {
  27   1              unsigned char i,temp=0x00;
  28   1              RST=0;  _nop_();
  29   1              SCK=0;  _nop_();
  30   1              RST=1;  _nop_();
  31   1              Write_Ds1302(address);
  32   1              for (i=0;i<8;i++)       
  33   1              {               
  34   2                      SCK=0;
  35   2                      temp>>=1;       
  36   2                      if(SDA)
  37   2                      temp|=0x80;     
  38   2                      SCK=1;
  39   2              } 
  40   1              RST=0;  _nop_();
  41   1              SCK=0;  _nop_();
  42   1              SCK=1;  _nop_();
  43   1              SDA=0;  _nop_();
  44   1              SDA=1;  _nop_();
  45   1              return (temp);                  
  46   1      }
  47          
  48          //=====================================================
  49          
  50          void Clock_Write (unsigned char *Clock)
  51          {
  52   1              unsigned char i;
  53   1              
  54   1              Write_Ds1302_Byte (0x8e, 0x00);
C51 COMPILER V9.59.0.0   DS1302                                                            09/15/2025 19:05:34 PAGE 2   

  55   1              Write_Ds1302_Byte (0x80, 0x80); //[maybe]
  56   1              
  57   1              for (i = 0; i < 7; i ++) {
  58   2                      Write_Ds1302_Byte (0x8c - 2 * i, * Clock ++);
  59   2              }
  60   1              
  61   1              Write_Ds1302_Byte (0x8e, 0x80);
  62   1      }
  63          
  64          void Clock_Read (unsigned char* Clock)
  65          {
  66   1              unsigned char i;
  67   1              
  68   1              for (i = 0; i < 7; i ++) {
  69   2                      * Clock ++ = Read_Ds1302_Byte (0x8d - 2 * i);
  70   2              }
  71   1      }


MODULE INFORMATION:   STATIC OVERLAYABLE
   CODE SIZE        =    233    ----
   CONSTANT SIZE    =   ----    ----
   XDATA SIZE       =   ----    ----
   PDATA SIZE       =   ----    ----
   DATA SIZE        =   ----       6
   IDATA SIZE       =   ----    ----
   BIT SIZE         =   ----    ----
END OF MODULE INFORMATION.


C51 COMPILATION COMPLETE.  0 WARNING(S),  0 ERROR(S)
