C51 COMPILER V9.59.0.0   KEY                                                               09/15/2025 19:05:33 PAGE 1   


C51 COMPILER V9.59.0.0, COMPILATION OF MODULE KEY
OBJECT MODULE PLACED IN .\Objects\key.obj
COMPILER INVOKED BY: D:\Keil5\C51\BIN\C51.EXE ..\Driver\key.c OPTIMIZE(8,SPEED) BROWSE INCDIR(..\User;..\Driver) DEBUG O
                    -BJECTEXTEND PRINT(.\Listings\key.lst) OBJECT(.\Objects\key.obj)

line level    source

   1          #include "key.h"
   2          
   3          unsigned char Key_Scan ()
   4          {
   5   1              unsigned char temp = 0;
   6   1              
   7   1              R3 = R4 = 0;
   8   1              C1 = C2 = 1;
   9   1              if (C1 == 0) temp = 4;
  10   1              if (C2 == 0) temp = 8;
  11   1              
  12   1              C1 = C2 = 0;
  13   1              R3 = R4 = 1;
  14   1              if (R4 == 0) temp += 0;
  15   1              if (R3 == 0) temp += 1;
  16   1              
  17   1              return temp;
  18   1      }


MODULE INFORMATION:   STATIC OVERLAYABLE
   CODE SIZE        =     33    ----
   CONSTANT SIZE    =   ----    ----
   XDATA SIZE       =   ----    ----
   PDATA SIZE       =   ----    ----
   DATA SIZE        =   ----    ----
   IDATA SIZE       =   ----    ----
   BIT SIZE         =   ----    ----
END OF MODULE INFORMATION.


C51 COMPILATION COMPLETE.  0 WARNING(S),  0 ERROR(S)
