C51 COMPILER V9.59.0.0   LED                                                               09/15/2025 19:05:34 PAGE 1   


C51 COMPILER V9.59.0.0, COMPILATION OF MODULE LED
OBJECT MODULE PLACED IN .\Objects\led.obj
COMPILER INVOKED BY: D:\Keil5\C51\BIN\C51.EXE ..\Driver\led.c OPTIMIZE(8,SPEED) BROWSE INCDIR(..\User;..\Driver) DEBUG O
                    -BJECTEXTEND PRINT(.\Listings\led.lst) OBJECT(.\Objects\led.obj)

line level    source

   1          #include "led.h"
   2          
   3          static unsigned char temp_Y5 = 0x00;
   4          static unsigned char temp_Y5_old = 0xff;
   5          
   6          void Led_Disp (unsigned char addr, enable)
   7          {
   8   1              static unsigned char temp_Y4 = 0x00;
   9   1              static unsigned char temp_Y4_old = 0xff;
  10   1              
  11   1              if (enable)
  12   1                      temp_Y4 |= (0x01 << addr);
  13   1              else
  14   1                      temp_Y4 &= ~ (0x01 << addr);
  15   1              
  16   1              if (temp_Y4 != temp_Y4_old) {
  17   2                      P0 = ~temp_Y4;
  18   2                      Y4; Y0;
  19   2                      temp_Y4_old = temp_Y4;
  20   2              }
  21   1      }
  22          
  23          void Buzz (unsigned char enable)
  24          {
  25   1              if (enable)
  26   1                      temp_Y5 |= 0x40;
  27   1              else
  28   1                      temp_Y5 &= ~ 0x40;
  29   1              
  30   1              if (temp_Y5 != temp_Y5_old) {
  31   2                      P0 = temp_Y5;
  32   2                      Y5; Y0;
  33   2                      temp_Y5_old = temp_Y5;
  34   2              }
  35   1      }
  36          
  37          void Relay (unsigned char enable)
  38          {
  39   1              if (enable)
  40   1                      temp_Y5 |= 0x10;
  41   1              else
  42   1                      temp_Y5 &= ~ 0x10;
  43   1              
  44   1              if (temp_Y5 != temp_Y5_old) {
  45   2                      P0 = temp_Y5;
  46   2                      Y5; Y0;
  47   2                      temp_Y5_old = temp_Y5;
  48   2              }
  49   1      }
  50          
  51          void Motor (unsigned char enable)
  52          {
  53   1              if (enable)
  54   1                      temp_Y5 |= 0x20;
C51 COMPILER V9.59.0.0   LED                                                               09/15/2025 19:05:34 PAGE 2   

  55   1              else
  56   1                      temp_Y5 &= ~ 0x20;
  57   1              
  58   1              if (temp_Y5 != temp_Y5_old) {
  59   2                      P0 = temp_Y5;
  60   2                      Y5; Y0;
  61   2                      temp_Y5_old = temp_Y5;
  62   2              }
  63   1      }


MODULE INFORMATION:   STATIC OVERLAYABLE
   CODE SIZE        =    164    ----
   CONSTANT SIZE    =   ----    ----
   XDATA SIZE       =   ----    ----
   PDATA SIZE       =   ----    ----
   DATA SIZE        =      4    ----
   IDATA SIZE       =   ----    ----
   BIT SIZE         =   ----    ----
END OF MODULE INFORMATION.


C51 COMPILATION COMPLETE.  0 WARNING(S),  0 ERROR(S)
