C51 COMPILER V9.59.0.0   MAIN                                                              09/15/2025 19:05:33 PAGE 1   


C51 COMPILER V9.59.0.0, COMPILATION OF MODULE MAIN
OBJECT MODULE PLACED IN .\Objects\main.obj
COMPILER INVOKED BY: D:\Keil5\C51\BIN\C51.EXE main.c OPTIMIZE(8,SPEED) BROWSE INCDIR(..\User;..\Driver) DEBUG OBJECTEXTE
                    -ND PRINT(.\Listings\main.lst) OBJECT(.\Objects\main.obj)

line level    source

   1          #include "main.h"
   2          
   3          //=====================================================
   4          unsigned char _Slow = 0;
   5          bit Data_Flag, Key_Flag, Seg_Flag, Led_Flag;
   6          
   7          unsigned char Key_Val, Key_Down, Key_Up, Key_Old;
   8          
   9          idata unsigned char Seg_Buf[8] = {16,16,16,16, 16,16,16,16};
  10          idata unsigned char Seg_Dot[8] = {0,0,0,0, 0,0,0,0};
  11          
  12          idata unsigned char ucLed[8] = {0,0,0,0, 0,0,0,0};
  13          
  14          unsigned char motor = 0;
  15          
  16          //=====================================================
  17          unsigned char Clock_Mode = 0;
  18          unsigned char Clock[7] = {0x25, 0x04, 0x05, 0x08, 0x23, 0x59, 0x53};
  19          
  20          float t;
  21          
  22          unsigned int R_L, R_x;
  23          unsigned char EEP_dat[2] = {30, 80};
  24          
  25          unsigned int count_NE555 = 0, count_1s = 0, freq;
  26          
  27          idata unsigned char Uart_Send_arr[20];
  28          idata unsigned char Uart_Recv_arr[20];
  29          idata unsigned char Uart_Recv_index = 0;
  30          idata unsigned char Uart_Send_times = 0;
  31          
  32          unsigned int Ultra_dat;
  33          
  34          unsigned char count_PWM = 0, PWM_Set = 80;
  35          
  36          //=====================================================
  37          
  38          
  39          //=====================================================
  40          
  41          void Data_Proc ()
  42          {
  43   1              if (Data_Flag) return;
  44   1              Data_Flag = 1;
  45   1              //
  46   1              
  47   1      }
  48          
  49          void Key_Proc ()
  50          {
  51   1              if (Key_Flag) return;
  52   1              Key_Flag = 1;
  53   1              //
  54   1              Key_Val = Key_Scan();
C51 COMPILER V9.59.0.0   MAIN                                                              09/15/2025 19:05:33 PAGE 2   

  55   1              Key_Down = Key_Val & (Key_Old ^ Key_Val);
  56   1              Key_Up = ~ Key_Val & (Key_Old ^ Key_Val);
  57   1              Key_Old = Key_Val;
  58   1              //
  59   1              
  60   1      }
  61          
  62          void Seg_Proc ()
  63          {
  64   1              if (Seg_Flag) return;
  65   1              Seg_Flag = 1;
  66   1              //
  67   1              
  68   1      }
  69          
  70          void Led_Proc ()
  71          {
  72   1              if (Led_Flag) return;
  73   1              Led_Flag = 1;
  74   1              //
  75   1              
  76   1      }
  77          
  78          //      @Counter0 Interrupt Serv for NE555.
  79          /*
  80          void Counter0_Serv () interrupt 1
  81          {
  82                  count_NE555 ++;
  83          }
  84          */
  85          
  86          //      @Timer0/Timer1 Interrupt Serv for Basic System.
  87          //      @When Counter0 is used, Timer0 -> Timer1, interrupt 1 -> interrupt 3.
  88          void Timer0_Serv () interrupt 1
  89          {
  90   1              _Slow ++;
  91   1              if (_Slow % 10 == 0) Data_Flag = Key_Flag = 0;
  92   1              if (_Slow % 40 == 0) Seg_Flag = Led_Flag = 0;
  93   1              _Slow %= 200;
  94   1              //
  95   1              Seg_Disp (_Slow%8, Seg_Buf[_Slow%8], Seg_Dot[_Slow%8]);
  96   1              Led_Disp (_Slow%8, ucLed[_Slow%8]);
  97   1              //
  98   1              
  99   1      }
 100          
 101          //      @Timer2 Interrupt Serv for PWM (Led/Seg/Motor).
 102          /*
 103          void Timer2_Serv () interrupt 12
 104          {
 105                  count_PWM ++;
 106                  if (count_PWM <= PWM_Set) {
 107                          //enable
 108                  } else {
 109                          //disable
 110                  }
 111                  count_PWM %= 100;
 112          }
 113          */
 114          
 115          void main ()
 116          {
C51 COMPILER V9.59.0.0   MAIN                                                              09/15/2025 19:05:33 PAGE 3   

 117   1              Sys_Init ();
 118   1              Timer0_Init ();
 119   1              //
 120   1              
 121   1              
 122   1          while (1) {
 123   2                      Data_Proc ();
 124   2                      Key_Proc ();
 125   2                      Seg_Proc ();
 126   2                      Led_Proc ();
 127   2                      
 128   2          }
 129   1      }


MODULE INFORMATION:   STATIC OVERLAYABLE
   CODE SIZE        =    203    ----
   CONSTANT SIZE    =   ----    ----
   XDATA SIZE       =   ----    ----
   PDATA SIZE       =   ----    ----
   DATA SIZE        =     34    ----
   IDATA SIZE       =     66    ----
   BIT SIZE         =      4    ----
END OF MODULE INFORMATION.


C51 COMPILATION COMPLETE.  0 WARNING(S),  0 ERROR(S)
