C51 COMPILER V9.59.0.0   ONEWIRE                                                           09/15/2025 19:05:34 PAGE 1   


C51 COMPILER V9.59.0.0, COMPILATION OF MODULE ONEWIRE
OBJECT MODULE PLACED IN .\Objects\onewire.obj
COMPILER INVOKED BY: D:\Keil5\C51\BIN\C51.EXE ..\Driver\onewire.c OPTIMIZE(8,SPEED) BROWSE INCDIR(..\User;..\Driver) DEB
                    -UG OBJECTEXTEND PRINT(.\Listings\onewire.lst) OBJECT(.\Objects\onewire.obj)

line level    source

   1          #include "onewire.h"
   2          
   3          void Delay_OneWire (unsigned int t)
   4          {
   5   1              unsigned char i;
   6   1              while(t--){
   7   2                      for(i=0;i<12;i++);
   8   2              }
   9   1      }
  10          
  11          void Write_DS18B20 (unsigned char dat)
  12          {
  13   1              unsigned char i;
  14   1              for(i=0;i<8;i++)
  15   1              {
  16   2                      DQ = 0;
  17   2                      DQ = dat&0x01;
  18   2                      Delay_OneWire(5);
  19   2                      DQ = 1;
  20   2                      dat >>= 1;
  21   2              }
  22   1              Delay_OneWire(5);
  23   1      }
  24          
  25          unsigned char Read_DS18B20 (void)
  26          {
  27   1              unsigned char i;
  28   1              unsigned char dat;
  29   1        
  30   1              for(i=0;i<8;i++)
  31   1              {
  32   2                      DQ = 0;
  33   2                      dat >>= 1;
  34   2                      DQ = 1;
  35   2                      if(DQ)
  36   2                      {
  37   3                              dat |= 0x80;
  38   3                      }           
  39   2                      Delay_OneWire(5);
  40   2              }
  41   1              return dat;
  42   1      }
  43          
  44          bit init_ds18b20 (void)
  45          {
  46   1              bit initflag = 0;
  47   1              
  48   1              DQ = 1;
  49   1              Delay_OneWire(12);
  50   1              DQ = 0;
  51   1              Delay_OneWire(80);
  52   1              DQ = 1;
  53   1              Delay_OneWire(10); 
  54   1          initflag = DQ;     
C51 COMPILER V9.59.0.0   ONEWIRE                                                           09/15/2025 19:05:34 PAGE 2   

  55   1              Delay_OneWire(5);
  56   1        
  57   1              return initflag;
  58   1      }
  59          
  60          //=====================================================
  61          
  62          float T_Read ()
  63          {
  64   1              unsigned char low, high;
  65   1              
  66   1              init_ds18b20 ();
  67   1              Write_DS18B20 (0xcc);
  68   1              Write_DS18B20 (0x44);
  69   1              
  70   1              Delay_OneWire (200);
  71   1              
  72   1              init_ds18b20 ();
  73   1              Write_DS18B20 (0xcc);
  74   1              Write_DS18B20 (0xbe);
  75   1              
  76   1              low = Read_DS18B20 ();
  77   1              high = Read_DS18B20 ();
  78   1              
  79   1              return (high << 8 | low) / 16.0;
  80   1      }


MODULE INFORMATION:   STATIC OVERLAYABLE
   CODE SIZE        =    202    ----
   CONSTANT SIZE    =   ----    ----
   XDATA SIZE       =   ----    ----
   PDATA SIZE       =   ----    ----
   DATA SIZE        =   ----    ----
   IDATA SIZE       =   ----    ----
   BIT SIZE         =   ----       1
END OF MODULE INFORMATION.


C51 COMPILATION COMPLETE.  0 WARNING(S),  0 ERROR(S)
