C51 COMPILER V9.59.0.0   SYS                                                               09/15/2025 19:05:33 PAGE 1   


C51 COMPILER V9.59.0.0, COMPILATION OF MODULE SYS
OBJECT MODULE PLACED IN .\Objects\sys.obj
COMPILER INVOKED BY: D:\Keil5\C51\BIN\C51.EXE ..\Driver\sys.c OPTIMIZE(8,SPEED) BROWSE INCDIR(..\User;..\Driver) DEBUG O
                    -BJECTEXTEND PRINT(.\Listings\sys.lst) OBJECT(.\Objects\sys.obj)

line level    source

   1          #include "sys.h"
   2          
   3          void Sys_Init ()
   4          {
   5   1              P0 = 0xff; Y4; Y0;
   6   1              P0 = 0xaf; Y5; Y0;
   7   1              P0 = 0x00; Y6; Y0;
   8   1              P0 = 0xff; Y7; Y0;
   9   1      }
  10          
  11          //      @12.000MHz, 12T
  12          //      @Timer0 -> System,      1ms
  13          void Timer0_Init (void)
  14          {
  15   1              AUXR &= 0x7F;
  16   1              TMOD &= 0xF0;
  17   1              
  18   1              TL0 = 0x18;
  19   1              TH0 = 0xFC;
  20   1              
  21   1              TF0 = 0;
  22   1              TR0 = 1;
  23   1              
  24   1              ET0 = EA = 1;
  25   1      }
  26          
  27          //      @12.000MHz, 12T
  28          //      @Timer0 -> NE555,       count
  29          //      @Timer1 -> System,      1ms
  30          void Timer01_Init (void)
  31          {
  32   1              AUXR &= 0x3F;
  33   1              TMOD = 0x04;
  34   1              
  35   1              TL0 = 0xFF;
  36   1              TH0 = 0xFF;
  37   1              
  38   1              TL1 = 0x18;
  39   1              TH1 = 0xFC;
  40   1              
  41   1              TF0 = TF1 = 0;
  42   1              TR0 = TR1 = 1;
  43   1              
  44   1              ET0 = ET1 = EA = 1;
  45   1      }
  46          
  47          //      @12.000MHz, 12T
  48          //      @Timer2 -> PWM, 100us
  49          void Timer2_Init(void)
  50          {
  51   1              AUXR &= 0xFB;
  52   1              
  53   1              T2L = 0x9C;
  54   1              T2H = 0xFF;
C51 COMPILER V9.59.0.0   SYS                                                               09/15/2025 19:05:33 PAGE 2   

  55   1              
  56   1              AUXR |= 0x10;           //TR2
  57   1              
  58   1              IE2 |= (0x01 << 2);     //ET2
  59   1              
  60   1              EA = 1;
  61   1      }


MODULE INFORMATION:   STATIC OVERLAYABLE
   CODE SIZE        =    129    ----
   CONSTANT SIZE    =   ----    ----
   XDATA SIZE       =   ----    ----
   PDATA SIZE       =   ----    ----
   DATA SIZE        =   ----    ----
   IDATA SIZE       =   ----    ----
   BIT SIZE         =   ----    ----
END OF MODULE INFORMATION.


C51 COMPILATION COMPLETE.  0 WARNING(S),  0 ERROR(S)
