C51 COMPILER V9.59.0.0   UART                                                              09/15/2025 19:05:34 PAGE 1   


C51 COMPILER V9.59.0.0, COMPILATION OF MODULE UART
OBJECT MODULE PLACED IN .\Objects\Uart.obj
COMPILER INVOKED BY: D:\Keil5\C51\BIN\C51.EXE ..\Driver\Uart.c OPTIMIZE(8,SPEED) BROWSE INCDIR(..\User;..\Driver) DEBUG 
                    -OBJECTEXTEND PRINT(.\Listings\Uart.lst) OBJECT(.\Objects\Uart.obj)

line level    source

   1          #include "Uart.h"
   2          
   3          //      @12.000MHz, 12T
   4          //      @Timer2 -> 9600bps
   5          void Uart_Init (void)
   6          {
   7   1              SCON = 0x50;
   8   1              AUXR |= 0x01;
   9   1              AUXR &= 0xFB;
  10   1              
  11   1              T2L = 0xE6;
  12   1              T2H = 0xFF;
  13   1              
  14   1              AUXR |= 0x10;
  15   1              
  16   1              ES = 1;
  17   1      }
  18          
  19          void Uart_Send_Byte (unsigned char ch)
  20          {
  21   1              SBUF = ch;
  22   1              while (TI == 0) ;
  23   1              TI = 0;
  24   1      }
  25          
  26          void Uart_Send_String (unsigned char* str)
  27          {
  28   1              while (* str != '\0') {
  29   2                      Uart_Send_Byte (* str ++);
  30   2              }
  31   1      }


MODULE INFORMATION:   STATIC OVERLAYABLE
   CODE SIZE        =     66    ----
   CONSTANT SIZE    =   ----    ----
   XDATA SIZE       =   ----    ----
   PDATA SIZE       =   ----    ----
   DATA SIZE        =   ----       3
   IDATA SIZE       =   ----    ----
   BIT SIZE         =   ----    ----
END OF MODULE INFORMATION.


C51 COMPILATION COMPLETE.  0 WARNING(S),  0 ERROR(S)
