C51 COMPILER V9.59.0.0   ULTRA                                                             09/15/2025 19:05:34 PAGE 1   


C51 COMPILER V9.59.0.0, COMPILATION OF MODULE ULTRA
OBJECT MODULE PLACED IN .\Objects\ultra.obj
COMPILER INVOKED BY: D:\Keil5\C51\BIN\C51.EXE ..\Driver\ultra.c OPTIMIZE(8,SPEED) BROWSE INCDIR(..\User;..\Driver) DEBUG
                    - OBJECTEXTEND PRINT(.\Listings\ultra.lst) OBJECT(.\Objects\ultra.obj)

line level    source

   1          #include "ultra.h"
   2          
   3          sbit Tx = P1^0;
   4          sbit Rx = P1^1;
   5          
   6          void Delay12us ()               //@12.000MHz
   7          {
   8   1              unsigned char i;
   9   1      
  10   1              _nop_();
  11   1              _nop_();
  12   1              i = 38;         //[*] 33 -> 38
  13   1              while (--i);
  14   1      }
  15          
  16          void Ultra_Init ()
  17          {
  18   1              unsigned char i;
  19   1              
  20   1      //      EA = 0;
  21   1              
  22   1              for (i = 0; i < 8; i ++) {
  23   2                      Tx = 1;
  24   2                      Delay12us ();
  25   2                      Tx = 0;
  26   2                      Delay12us ();
  27   2              }
  28   1              
  29   1      //      EA = 1;
  30   1      }
  31          
  32          unsigned char Ultra_Read ()
  33          {
  34   1              unsigned int time;
  35   1              
  36   1              CMOD = 0x00;
  37   1              CL = CH = 0;
  38   1              
  39   1              Ultra_Init ();
  40   1              
  41   1              CR = 1;
  42   1              while (Rx == 1 && CF == 0) ;
  43   1              CR = 0;
  44   1              
  45   1              if (CF) {
  46   2                      CF = 0;
  47   2                      return 0;
  48   2              } else {
  49   2                      time = (CH << 8) | CL;
  50   2                      return (time * 0.017);
  51   2              }
  52   1      }


C51 COMPILER V9.59.0.0   ULTRA                                                             09/15/2025 19:05:34 PAGE 2   

MODULE INFORMATION:   STATIC OVERLAYABLE
   CODE SIZE        =     90    ----
   CONSTANT SIZE    =   ----    ----
   XDATA SIZE       =   ----    ----
   PDATA SIZE       =   ----    ----
   DATA SIZE        =   ----    ----
   IDATA SIZE       =   ----    ----
   BIT SIZE         =   ----    ----
END OF MODULE INFORMATION.


C51 COMPILATION COMPLETE.  0 WARNING(S),  0 ERROR(S)
